<?xml version="1.0" encoding="UTF-8"?>
<!-- Generated by org.testng.reporters.JUnitXMLReporter -->
<testsuite hostname="DESKTOP-0KBR3DP" ignored="0" name="Default test" tests="21" failures="1" timestamp="2021-07-27T16:57:32 IST" time="1842.279" errors="0">
  <testcase name="testAutomationSetUpForCasa39English" time="19.609" classname="tests.demo.TestDemo"/>
  <testcase name="testAddProductReviewByUser" time="35.321" classname="tests.shopping.TestProductShopping"/>
  <testcase name="testAddProductToCart" time="32.602" classname="tests.shopping.TestProductShopping"/>
  <testcase name="testApplySortingOptionsFiltersAndPriceRange" time="47.049" classname="tests.shopping.TestProductShopping"/>
  <testcase name="testAskForDiscount" time="30.226" classname="tests.shopping.TestProductShopping"/>
  <testcase name="testProductAddToQuote" time="94.104" classname="tests.shopping.TestProductShopping"/>
  <testcase name="testLoggedInUserMyAccountSection" time="536.287" classname="tests.myProfile.TestMyProfile"/>
  <testcase name="testApplyForDiscountOnShoppingCartPage" time="47.993" classname="tests.shopping.TestShoppingCart"/>
  <testcase name="testMinicartQuotesModalFromHomePage" time="37.62" classname="tests.shopping.TestShoppingCart"/>
  <testcase name="testSecureCheckOutForProducts" time="55.867" classname="tests.shopping.TestShoppingCart"/>
  <testcase name="testAllProductSubCategoryLinks" time="20.876" classname="tests.home.TestHomePage"/>
  <testcase name="testBuyersProtectionInformationBadge" time="173.775" classname="tests.home.TestHomePage">
    <failure type="org.openqa.selenium.TimeoutException" message="Expected condition failed: waiting for visibility of element located by By.cssSelector: a.cc-btn.cc-dismiss (tried for 30 second(s) with 500 milliseconds interval)">
      <![CDATA[org.openqa.selenium.TimeoutException: Expected condition failed: waiting for visibility of element located by By.cssSelector: a.cc-btn.cc-dismiss (tried for 30 second(s) with 500 milliseconds interval)
at org.openqa.selenium.support.ui.WebDriverWait.timeoutException(WebDriverWait.java:95)
at org.openqa.selenium.support.ui.FluentWait.until(FluentWait.java:272)
at baseTestScripts.TestNGBaseTest.acceptCookies(TestNGBaseTest.java:50)
at baseTestScripts.TestNGBaseTest.navigateToCasa39Website(TestNGBaseTest.java:28)
at tests.home.TestHomePage.testBuyersProtectionInformationBadge(TestHomePage.java:332)
at sun.reflect.NativeMethodAccessorImpl.invoke0(Native Method)
at sun.reflect.NativeMethodAccessorImpl.invoke(Unknown Source)
at sun.reflect.DelegatingMethodAccessorImpl.invoke(Unknown Source)
at java.lang.reflect.Method.invoke(Unknown Source)
at org.testng.internal.MethodInvocationHelper.invokeMethod(MethodInvocationHelper.java:133)
at org.testng.internal.TestInvoker.invokeMethod(TestInvoker.java:598)
at org.testng.internal.TestInvoker.invokeTestMethod(TestInvoker.java:173)
at org.testng.internal.MethodRunner.runInSequence(MethodRunner.java:46)
at org.testng.internal.TestInvoker$MethodInvocationAgent.invoke(TestInvoker.java:824)
at org.testng.internal.TestInvoker.invokeTestMethods(TestInvoker.java:146)
at org.testng.internal.TestMethodWorker.invokeTestMethods(TestMethodWorker.java:146)
at org.testng.internal.TestMethodWorker.run(TestMethodWorker.java:128)
at java.util.ArrayList.forEach(Unknown Source)
at org.testng.TestRunner.privateRun(TestRunner.java:794)
at org.testng.TestRunner.run(TestRunner.java:596)
at org.testng.SuiteRunner.runTest(SuiteRunner.java:377)
at org.testng.SuiteRunner.runSequentially(SuiteRunner.java:371)
at org.testng.SuiteRunner.privateRun(SuiteRunner.java:332)
at org.testng.SuiteRunner.run(SuiteRunner.java:276)
at org.testng.SuiteRunnerWorker.runSuite(SuiteRunnerWorker.java:53)
at org.testng.SuiteRunnerWorker.run(SuiteRunnerWorker.java:96)
at org.testng.TestNG.runSuitesSequentially(TestNG.java:1212)
at org.testng.TestNG.runSuitesLocally(TestNG.java:1134)
at org.testng.TestNG.runSuites(TestNG.java:1063)
at org.testng.TestNG.run(TestNG.java:1031)
at org.testng.remote.AbstractRemoteTestNG.run(AbstractRemoteTestNG.java:115)
at org.testng.remote.RemoteTestNG.initAndRun(RemoteTestNG.java:251)
at org.testng.remote.RemoteTestNG.main(RemoteTestNG.java:77)
Caused by: org.openqa.selenium.NoSuchElementException: Cannot locate an element using css selector=a.cc-btn.cc-dismiss
For documentation on this error, please visit: https://www.seleniumhq.org/exceptions/no_such_element.html
Build info: version: '3.141.59', revision: 'e82be7d358', time: '2018-11-14T08:17:03'
System info: host: 'DESKTOP-0KBR3DP', ip: '192.168.1.101', os.name: 'Windows 10', os.arch: 'amd64', os.version: '10.0', java.version: '1.8.0_251'
Driver info: driver.version: RemoteWebDriver
at org.openqa.selenium.remote.RemoteWebDriver.findElement(RemoteWebDriver.java:327)
at org.openqa.selenium.remote.RemoteWebDriver.findElementByCssSelector(RemoteWebDriver.java:420)
at org.openqa.selenium.By$ByCssSelector.findElement(By.java:431)
at org.openqa.selenium.remote.RemoteWebDriver.findElement(RemoteWebDriver.java:315)
at org.openqa.selenium.support.ui.ExpectedConditions$7.apply(ExpectedConditions.java:205)
at org.openqa.selenium.support.ui.ExpectedConditions$7.apply(ExpectedConditions.java:201)
at org.openqa.selenium.support.ui.FluentWait.until(FluentWait.java:249)
... 31 more
]]>
    </failure>
  </testcase> <!-- testBuyersProtectionInformationBadge -->
  <testcase name="testEmailSubscription" time="77.925" classname="tests.home.TestHomePage"/>
  <testcase name="testHomePageInformationLinks" time="125.106" classname="tests.home.TestHomePage"/>
  <testcase name="testRegisterNewUserByUniqueEmailId" time="44.673" classname="tests.home.TestHomePage"/>
  <testcase name="testSearchProductsFromHomePage" time="44.062" classname="tests.home.TestHomePage"/>
  <testcase name="testSelectProductCategory" time="137.974" classname="tests.home.TestHomePage"/>
  <testcase name="testSelectProductSubCategory" time="107.868" classname="tests.home.TestHomePage"/>
  <testcase name="testSignInAuthenticatedUser" time="54.2" classname="tests.home.TestHomePage"/>
  <testcase name="testUserSelectLanguageCountryAndCurrency" time="60.271" classname="tests.home.TestHomePage"/>
  <testcase name="testWhyChooseUsSection" time="58.663" classname="tests.home.TestHomePage"/>
</testsuite> <!-- Default test -->
