<?xml version="1.0" encoding="UTF-8"?>
<!-- Generated by org.testng.reporters.JUnitReportReporter -->
<testsuite skipped="0" hostname="DESKTOP-0KBR3DP" name="tests.home.MyTestHomePage" tests="5" failures="1" timestamp="2021-07-27T13:19:54 IST" time="188.860" errors="0">
  <testcase name="testMinicartModalFromHomePage" time="40.767" classname="tests.home.MyTestHomePage"/>
  <system-out>
    <![CDATA[STEP - Launch Browser Successfully...
STEP - Navigate to Casa39 English Website Home Page.
STEP - Accepting Cookies...
STEP - Log In with Valid username and Password
Click - SIGN IN
Click - Login
STEP - Validate Minicart Modal
Click - MY QUOTE
Verified - Total Items are Correct
Verified - Cart subtotal price is Correct
Click - Ask for a quote
Verified - Cart Quotes Page is Displayed
Validating '€24.59' from Summary...
Verified - Items Price is Correct
Validating '€210.66' from Summary...
Verified - Items Price is Correct
Validating '€103.28' from Summary...
Verified - Items Price is Correct
STEP - Clicking CASA39 Logo to Return On Home Page...
Click - 
Click - SIGN OUT
STEP - Closing Browser Successfully...]]>
  </system-out>
  <testcase name="testMinicartModalFromHomePage" time="38.983" classname="tests.home.MyTestHomePage"/>
  <system-out>
    <![CDATA[STEP - Launch Browser Successfully...
STEP - Navigate to Casa39 English Website Home Page.
STEP - Accepting Cookies...
STEP - Log In with Valid username and Password
Click - SIGN IN
Click - Login
STEP - Validate Minicart Modal
Click - MY QUOTE
Verified - Total Items are Correct
Verified - Cart subtotal price is Correct
Click - Ask for a quote
Verified - Cart Quotes Page is Displayed
Validating '€24.59' from Summary...
Verified - Items Price is Correct
Validating '€210.66' from Summary...
Verified - Items Price is Correct
Validating '€103.28' from Summary...
Verified - Items Price is Correct
STEP - Clicking CASA39 Logo to Return On Home Page...
Click - 
Click - SIGN OUT
STEP - Closing Browser Successfully...]]>
  </system-out>
  <testcase name="testMinicartModalFromHomePage" time="42.761" classname="tests.home.MyTestHomePage"/>
  <system-out>
    <![CDATA[STEP - Launch Browser Successfully...
STEP - Navigate to Casa39 English Website Home Page.
STEP - Accepting Cookies...
STEP - Log In with Valid username and Password
Click - SIGN IN
Click - Login
STEP - Validate Minicart Modal
Click - MY QUOTE
Verified - Total Items are Correct
Verified - Cart subtotal price is Correct
Click - Ask for a quote
Verified - Cart Quotes Page is Displayed
Validating '€24.59' from Summary...
Verified - Items Price is Correct
Validating '€210.66' from Summary...
Verified - Items Price is Correct
Validating '€103.28' from Summary...
Verified - Items Price is Correct
STEP - Clicking CASA39 Logo to Return On Home Page...
Click - 
Click - SIGN OUT
STEP - Closing Browser Successfully...]]>
  </system-out>
  <testcase name="testMinicartModalFromHomePage" time="27.186" classname="tests.home.MyTestHomePage">
    <failure type="java.lang.AssertionError" message="expected [true] but found [false]">
      <![CDATA[java.lang.AssertionError: expected [true] but found [false]
at org.testng.Assert.fail(Assert.java:99)
at org.testng.Assert.failNotEquals(Assert.java:1037)
at org.testng.Assert.assertTrue(Assert.java:45)
at utils.AssertUtil.assertTrue(AssertUtil.java:10)
at tests.home.MyTestHomePage.testMinicartModalFromHomePage(MyTestHomePage.java:32)
at sun.reflect.NativeMethodAccessorImpl.invoke0(Native Method)
at sun.reflect.NativeMethodAccessorImpl.invoke(Unknown Source)
at sun.reflect.DelegatingMethodAccessorImpl.invoke(Unknown Source)
at java.lang.reflect.Method.invoke(Unknown Source)
at org.testng.internal.MethodInvocationHelper.invokeMethod(MethodInvocationHelper.java:133)
at org.testng.internal.TestInvoker.invokeMethod(TestInvoker.java:598)
at org.testng.internal.TestInvoker.invokeTestMethod(TestInvoker.java:173)
at org.testng.internal.MethodRunner.runInSequence(MethodRunner.java:46)
at org.testng.internal.TestInvoker$MethodInvocationAgent.invoke(TestInvoker.java:824)
at org.testng.internal.TestInvoker.invokeTestMethods(TestInvoker.java:146)
at org.testng.internal.TestMethodWorker.invokeTestMethods(TestMethodWorker.java:146)
at org.testng.internal.TestMethodWorker.run(TestMethodWorker.java:128)
at java.util.ArrayList.forEach(Unknown Source)
at org.testng.TestRunner.privateRun(TestRunner.java:794)
at org.testng.TestRunner.run(TestRunner.java:596)
at org.testng.SuiteRunner.runTest(SuiteRunner.java:377)
at org.testng.SuiteRunner.runSequentially(SuiteRunner.java:371)
at org.testng.SuiteRunner.privateRun(SuiteRunner.java:332)
at org.testng.SuiteRunner.run(SuiteRunner.java:276)
at org.testng.SuiteRunnerWorker.runSuite(SuiteRunnerWorker.java:53)
at org.testng.SuiteRunnerWorker.run(SuiteRunnerWorker.java:96)
at org.testng.TestNG.runSuitesSequentially(TestNG.java:1212)
at org.testng.TestNG.runSuitesLocally(TestNG.java:1134)
at org.testng.TestNG.runSuites(TestNG.java:1063)
at org.testng.TestNG.run(TestNG.java:1031)
at org.testng.remote.AbstractRemoteTestNG.run(AbstractRemoteTestNG.java:115)
at org.testng.remote.RemoteTestNG.initAndRun(RemoteTestNG.java:251)
at org.testng.remote.RemoteTestNG.main(RemoteTestNG.java:77)
]]>
    </failure>
  </testcase> <!-- testMinicartModalFromHomePage -->
  <system-out>
    <![CDATA[STEP - Launch Browser Successfully...
STEP - Navigate to Casa39 English Website Home Page.
STEP - Accepting Cookies...
STEP - Log In with Valid username and Password
Click - SIGN IN
Click - Login
STEP - Validate Minicart Modal
Click - MY QUOTE
Verified - Total Items are Correct]]>
  </system-out>
  <testcase name="testMinicartModalFromHomePage" time="39.163" classname="tests.home.MyTestHomePage"/>
  <system-out>
    <![CDATA[STEP - Launch Browser Successfully...
STEP - Navigate to Casa39 English Website Home Page.
STEP - Accepting Cookies...
STEP - Log In with Valid username and Password
Click - SIGN IN
Click - Login
STEP - Validate Minicart Modal
Click - MY QUOTE
Verified - Total Items are Correct
Verified - Cart subtotal price is Correct
Click - Ask for a quote
Verified - Cart Quotes Page is Displayed
Validating '€24.59' from Summary...
Verified - Items Price is Correct
Validating '€210.66' from Summary...
Verified - Items Price is Correct
Validating '€103.28' from Summary...
Verified - Items Price is Correct
STEP - Clicking CASA39 Logo to Return On Home Page...
Click - 
Click - SIGN OUT
STEP - Closing Browser Successfully...]]>
  </system-out>
</testsuite> <!-- tests.home.MyTestHomePage -->
