<?xml version="1.0" encoding="UTF-8"?>
<!-- Generated by org.testng.reporters.JUnitReportReporter -->
<testsuite skipped="0" hostname="DESKTOP-0KBR3DP" name="tests.shopping.TestShoppingCart" tests="4" failures="0" timestamp="2021-08-03T13:05:14 IST" time="210.867" errors="1">
  <testcase name="testApplyForDiscountOnShoppingCartPage" time="52.919" classname="tests.shopping.TestShoppingCart"/>
  <system-out>
    <![CDATA[STEP - *** Running test method testApplyForDiscountOnShoppingCartPage...
STEP - Launch Browser Successfully...
STEP - Navigate to Casa39 English Website Home Page.
STEP - Accepting Cookies...
STEP - Search for a Available Product as Zucchetti Closer Wall Mounted Showerhead Z94250
STEP - Set - Zucchetti Closer Wall Mounted Showerhead Z94250
Selecting product from suggested item list...
STEP - Click - Zucchetti Closer Wall Mounted Showerhead Z94250
Verified - Zucchetti Closer Wall Mounted Showerhead Z94250 as Searched Product is Correctly Displayed
STEP - Select Quantity and add to cart
STEP - Click - Add to Cart
Verified - Zucchetti Closer Wall Mounted Showerhead Z94250
Verified - has been added to your cart
STEP - Navigate to Shopping Cart Page
STEP - Click - View cart
Verified - Page Title is Displayed
STEP - Set - DISCOUNT
STEP - Click - APPLY DISCOUNT
Verified - The coupon code "DISCOUNT" is not valid.
STEP - Clear Shopping Cart
STEP - Click - Clear Shopping Cart
Verified - You have no items in your shopping cart.
STEP - STEP - Clicking CASA39 Logo to Return On Home Page...
STEP - Closing Browser Successfully...
STEP - *** Executed testApplyForDiscountOnShoppingCartPage test successfully...]]>
  </system-out>
  <testcase name="testSecureCheckOutForProducts" time="54.589" classname="tests.shopping.TestShoppingCart"/>
  <system-out>
    <![CDATA[STEP - *** Running test method testSecureCheckOutForProducts...
STEP - Launch Browser Successfully...
STEP - Navigate to Casa39 English Website Home Page.
STEP - Accepting Cookies...
STEP - Search for a Available Product as Marazzi Evolutionmarble Calacatta 60x60 cm MHV2
STEP - Set - Marazzi Evolutionmarble Calacatta 60x60 cm MHV2
Selecting product from suggested item list...
STEP - Click - Marazzi Evolutionmarble Calacatta 60x60 cm MHV2
Verified - Marazzi Evolutionmarble Calacatta 60x60 cm MHV2 as Searched Product is Correctly Displayed
STEP - Select Quantity and add to cart
STEP - Set - 30
STEP - Click - Add to Cart
Verified - Marazzi Evolutionmarble Calacatta 60x60 cm MHV2
Verified - has been added to your cart
STEP - Click - Continue
STEP - Validate Non-Empty Cart and Close
STEP - Click - My Cart
€687.85
Verified - Item Prices are Correct
Verified - Total Items are Correct
STEP - View Shopping Cart
STEP - Click - View and edit cart
Validating '€687.85' from Summary...
Verified - Sub Total is Correct
Verified - Page Title is Displayed
Validating '€50.00' from Summary...
Verified - Shipping Price is Correct
Validating '€160.33' from Summary...
Verified - Tax Amount is Correct
Validating '€889.16' from Summary...
Verified - Order Total is Correct
STEP - Proceed To Checkout
STEP - Click - Proceed to Checkout
Verified - Marazzi Evolutionmarble Calacatta 60x60 cm MHV2 is Displayed
STEP - Closing Browser Successfully...
STEP - *** Executed testSecureCheckOutForProducts test successfully...]]>
  </system-out>
  <testcase name="testMinicartQuotesModalFromHomePage" time="59.613" classname="tests.shopping.TestShoppingCart">
    <error type="org.openqa.selenium.NoSuchElementException" message="no such element: Unable to locate element: {&quot;method&quot;:&quot;css selector&quot;,&quot;selector&quot;:&quot;.page-title&quot;}
  (Session info: headless chrome=92.0.4515.107)
For documentation on this error, please visit: https://www.seleniumhq.org/exceptions/no_such_element.html
Build info: version: &#039;3.141.59&#039;, revision: &#039;e82be7d358&#039;, time: &#039;2018-11-14T08:17:03&#039;
System info: host: &#039;DESKTOP-0KBR3DP&#039;, ip: &#039;192.168.1.101&#039;, os.name: &#039;Windows 10&#039;, os.arch: &#039;amd64&#039;, os.version: &#039;10.0&#039;, java.version: &#039;1.8.0_251&#039;
Driver info: org.openqa.selenium.chrome.ChromeDriver
Capabilities {acceptInsecureCerts: false, browserName: chrome, browserVersion: 92.0.4515.107, chrome: {chromedriverVersion: 91.0.4472.101 (af52a90bf870..., userDataDir: C:\Users\Lenovo\AppData\Loc...}, goog:chromeOptions: {debuggerAddress: localhost:53323}, javascriptEnabled: true, networkConnectionEnabled: false, pageLoadStrategy: normal, platform: WINDOWS, platformName: WINDOWS, proxy: Proxy(), setWindowRect: true, strictFileInteractability: false, timeouts: {implicit: 0, pageLoad: 300000, script: 30000}, unhandledPromptBehavior: dismiss and notify, webauthn:extension:largeBlob: true, webauthn:virtualAuthenticators: true}
Session ID: e9706b4b02d922010977eccaeb4734f3
*** Element info: {Using=css selector, value=.page-title}">
      <![CDATA[org.openqa.selenium.NoSuchElementException: no such element: Unable to locate element: {"method":"css selector","selector":".page-title"}
  (Session info: headless chrome=92.0.4515.107)
For documentation on this error, please visit: https://www.seleniumhq.org/exceptions/no_such_element.html
Build info: version: '3.141.59', revision: 'e82be7d358', time: '2018-11-14T08:17:03'
System info: host: 'DESKTOP-0KBR3DP', ip: '192.168.1.101', os.name: 'Windows 10', os.arch: 'amd64', os.version: '10.0', java.version: '1.8.0_251'
Driver info: org.openqa.selenium.chrome.ChromeDriver
Capabilities {acceptInsecureCerts: false, browserName: chrome, browserVersion: 92.0.4515.107, chrome: {chromedriverVersion: 91.0.4472.101 (af52a90bf870..., userDataDir: C:\Users\Lenovo\AppData\Loc...}, goog:chromeOptions: {debuggerAddress: localhost:53323}, javascriptEnabled: true, networkConnectionEnabled: false, pageLoadStrategy: normal, platform: WINDOWS, platformName: WINDOWS, proxy: Proxy(), setWindowRect: true, strictFileInteractability: false, timeouts: {implicit: 0, pageLoad: 300000, script: 30000}, unhandledPromptBehavior: dismiss and notify, webauthn:extension:largeBlob: true, webauthn:virtualAuthenticators: true}
Session ID: e9706b4b02d922010977eccaeb4734f3
*** Element info: {Using=css selector, value=.page-title}
at sun.reflect.NativeConstructorAccessorImpl.newInstance0(Native Method)
at sun.reflect.NativeConstructorAccessorImpl.newInstance(Unknown Source)
at sun.reflect.DelegatingConstructorAccessorImpl.newInstance(Unknown Source)
at java.lang.reflect.Constructor.newInstance(Unknown Source)
at org.openqa.selenium.remote.http.W3CHttpResponseCodec.createException(W3CHttpResponseCodec.java:187)
at org.openqa.selenium.remote.http.W3CHttpResponseCodec.decode(W3CHttpResponseCodec.java:122)
at org.openqa.selenium.remote.http.W3CHttpResponseCodec.decode(W3CHttpResponseCodec.java:49)
at org.openqa.selenium.remote.HttpCommandExecutor.execute(HttpCommandExecutor.java:158)
at org.openqa.selenium.remote.service.DriverCommandExecutor.execute(DriverCommandExecutor.java:83)
at org.openqa.selenium.remote.RemoteWebDriver.execute(RemoteWebDriver.java:552)
at org.openqa.selenium.remote.RemoteWebDriver.findElement(RemoteWebDriver.java:323)
at org.openqa.selenium.remote.RemoteWebDriver.findElementByCssSelector(RemoteWebDriver.java:420)
at org.openqa.selenium.By$ByCssSelector.findElement(By.java:431)
at org.openqa.selenium.remote.RemoteWebDriver.findElement(RemoteWebDriver.java:315)
at org.openqa.selenium.support.pagefactory.DefaultElementLocator.findElement(DefaultElementLocator.java:69)
at org.openqa.selenium.support.pagefactory.internal.LocatingElementHandler.invoke(LocatingElementHandler.java:38)
at com.sun.proxy.$Proxy8.isDisplayed(Unknown Source)
at framework.CommonPage.isPageTitleDisplayed(CommonPage.java:40)
at tests.shopping.TestShoppingCart.testMinicartQuotesModalFromHomePage(TestShoppingCart.java:87)
at sun.reflect.NativeMethodAccessorImpl.invoke0(Native Method)
at sun.reflect.NativeMethodAccessorImpl.invoke(Unknown Source)
at sun.reflect.DelegatingMethodAccessorImpl.invoke(Unknown Source)
at java.lang.reflect.Method.invoke(Unknown Source)
at org.testng.internal.MethodInvocationHelper.invokeMethod(MethodInvocationHelper.java:133)
at org.testng.internal.TestInvoker.invokeMethod(TestInvoker.java:598)
at org.testng.internal.TestInvoker.invokeTestMethod(TestInvoker.java:173)
at org.testng.internal.MethodRunner.runInSequence(MethodRunner.java:46)
at org.testng.internal.TestInvoker$MethodInvocationAgent.invoke(TestInvoker.java:824)
at org.testng.internal.TestInvoker.invokeTestMethods(TestInvoker.java:146)
at org.testng.internal.TestMethodWorker.invokeTestMethods(TestMethodWorker.java:146)
at org.testng.internal.TestMethodWorker.run(TestMethodWorker.java:128)
at java.util.ArrayList.forEach(Unknown Source)
at org.testng.TestRunner.privateRun(TestRunner.java:794)
at org.testng.TestRunner.run(TestRunner.java:596)
at org.testng.SuiteRunner.runTest(SuiteRunner.java:377)
at org.testng.SuiteRunner.runSequentially(SuiteRunner.java:371)
at org.testng.SuiteRunner.privateRun(SuiteRunner.java:332)
at org.testng.SuiteRunner.run(SuiteRunner.java:276)
at org.testng.SuiteRunnerWorker.runSuite(SuiteRunnerWorker.java:53)
at org.testng.SuiteRunnerWorker.run(SuiteRunnerWorker.java:96)
at org.testng.TestNG.runSuitesSequentially(TestNG.java:1212)
at org.testng.TestNG.runSuitesLocally(TestNG.java:1134)
at org.testng.TestNG.runSuites(TestNG.java:1063)
at org.testng.TestNG.run(TestNG.java:1031)
at org.testng.remote.AbstractRemoteTestNG.run(AbstractRemoteTestNG.java:115)
at org.testng.remote.RemoteTestNG.initAndRun(RemoteTestNG.java:251)
at org.testng.remote.RemoteTestNG.main(RemoteTestNG.java:77)
]]>
    </error>
  </testcase> <!-- testMinicartQuotesModalFromHomePage -->
  <system-out>
    <![CDATA[STEP - *** Running test method testMinicartQuotesModalFromHomePage...
STEP - Launch Browser Successfully...
STEP - Navigate to Casa39 English Website Home Page.
STEP - Accepting Cookies...
STEP - Log In with Valid username and Password
STEP - Click - SIGN IN
STEP - Click - Login
STEP - Validate Minicart Modal
STEP - Click - MY QUOTE
Verified - Total Items are Correct
Verified - Cart subtotal price is Correct
STEP - Click - Ask for a quote
STEP - *** Test execution testMinicartQuotesModalFromHomePage failed...]]>
  </system-out>
  <testcase name="testAddGroupProductsToCart" time="43.746" classname="tests.shopping.TestShoppingCart"/>
  <system-out>
    <![CDATA[STEP - *** Running test method testAddGroupProductsToCart...
STEP - Launch Browser Successfully...
STEP - Navigate to Casa39 English Website Home Page.
STEP - Accepting Cookies...
STEP - Search for a Available Product as Simas Vignoni suspended toilet Rimless, bidet and WC-seat
STEP - Set - Simas Vignoni suspended toilet Rimless
Selecting product from suggested item list...
STEP - Click - Simas Vignoni suspended toilet Rimless, bidet and WC-seat
Verified - Simas Vignoni suspended toilet Rimless, bidet and WC-seat as Searched Product is Correctly Displayed
STEP - Select Quantity for all product groups
STEP - Add to Cart
STEP - Click - Add to Cart
Verified - Simas Vignoni suspended toilet Rimless, bidet and WC-seat
Verified - has been added to your cart
STEP - View Shopping Cart
STEP - Click - View cart
STEP - Validate Group Product Price Details
Validating '€160.66' from Shopping Cart Page...
Verified - Price is Correct
Validating '€67.21' from Shopping Cart Page...
Verified - Price is Correct
Validating '€147.54' from Shopping Cart Page...
Verified - Price is Correct
STEP - Validate Group Product Sub Total Details
Validating '€803.30' from Shopping Cart Page...
Verified - Subtotal Price is Correct
Validating '€336.05' from Shopping Cart Page...
Verified - Subtotal Price is Correct
Validating '€737.70' from Shopping Cart Page...
Verified - Subtotal Price is Correct
STEP - Validate Group Product Quantity Details
Validating '5' from Shopping Cart Page...
Verified - Quantity is Correct
Validating '5' from Shopping Cart Page...
Verified - Quantity is Correct
Validating '5' from Shopping Cart Page...
Verified - Quantity is Correct
STEP - STEP - Clicking CASA39 Logo to Return On Home Page...
STEP - Closing Browser Successfully...
STEP - *** Executed testAddGroupProductsToCart test successfully...]]>
  </system-out>
</testsuite> <!-- tests.shopping.TestShoppingCart -->
