<?xml version="1.0" encoding="UTF-8"?>
<!-- Generated by org.testng.reporters.JUnitXMLReporter -->
<testsuite hostname="DESKTOP-0KBR3DP" ignored="0" name="Tests" tests="30" failures="2" timestamp="2021-08-02T16:20:02 IST" time="2441.237" errors="0">
  <testcase name="testAllFooterInformationLinks" time="39.21" classname="tests.shopping.TestHomePage"/>
  <testcase name="testAllOurServicesSection" time="102.608" classname="tests.shopping.TestHomePage"/>
  <testcase name="testAllPlatformAvailabilityLinks" time="20.901" classname="tests.shopping.TestHomePage"/>
  <testcase name="testAllProductSubCategoryLinks" time="468.72" classname="tests.shopping.TestHomePage"/>
  <testcase name="testAllSocialMediaPlatformAvailabilityLinks" time="41.632" classname="tests.shopping.TestHomePage"/>
  <testcase name="testBuyersProtectionInformationBadge" time="14.969" classname="tests.shopping.TestHomePage"/>
  <testcase name="testEmailSubscription" time="53.153" classname="tests.shopping.TestHomePage">
    <failure type="org.openqa.selenium.NoSuchElementException" message="no such element: Unable to locate element: {&amp;quot;method&amp;quot;:&amp;quot;css selector&amp;quot;,&amp;quot;selector&amp;quot;:&amp;quot;#newsletter\-error&amp;quot;}
  (Session info: headless chrome=92.0.4515.107)
For documentation on this error, please visit: https://www.seleniumhq.org/exceptions/no_such_element.html
Build info: version: &amp;apos;3.141.59&amp;apos;, revision: &amp;apos;e82be7d358&amp;apos;, time: &amp;apos;2018-11-14T08:17:03&amp;apos;
System info: host: &amp;apos;DESKTOP-0KBR3DP&amp;apos;, ip: &amp;apos;192.168.1.101&amp;apos;, os.name: &amp;apos;Windows 10&amp;apos;, os.arch: &amp;apos;amd64&amp;apos;, os.version: &amp;apos;10.0&amp;apos;, java.version: &amp;apos;1.8.0_251&amp;apos;
Driver info: org.openqa.selenium.chrome.ChromeDriver
Capabilities {acceptInsecureCerts: false, browserName: chrome, browserVersion: 92.0.4515.107, chrome: {chromedriverVersion: 91.0.4472.101 (af52a90bf870..., userDataDir: C:\Users\Lenovo\AppData\Loc...}, goog:chromeOptions: {debuggerAddress: localhost:54041}, javascriptEnabled: true, networkConnectionEnabled: false, pageLoadStrategy: normal, platform: WINDOWS, platformName: WINDOWS, proxy: Proxy(), setWindowRect: true, strictFileInteractability: false, timeouts: {implicit: 0, pageLoad: 300000, script: 30000}, unhandledPromptBehavior: dismiss and notify, webauthn:extension:largeBlob: true, webauthn:virtualAuthenticators: true}
Session ID: 5d9d075f2ff5beb4de63dbceb9654373
*** Element info: {Using=id, value=newsletter-error}">
      <![CDATA[org.openqa.selenium.NoSuchElementException: no such element: Unable to locate element: {"method":"css selector","selector":"#newsletter\-error"}
  (Session info: headless chrome=92.0.4515.107)
For documentation on this error, please visit: https://www.seleniumhq.org/exceptions/no_such_element.html
Build info: version: '3.141.59', revision: 'e82be7d358', time: '2018-11-14T08:17:03'
System info: host: 'DESKTOP-0KBR3DP', ip: '192.168.1.101', os.name: 'Windows 10', os.arch: 'amd64', os.version: '10.0', java.version: '1.8.0_251'
Driver info: org.openqa.selenium.chrome.ChromeDriver
Capabilities {acceptInsecureCerts: false, browserName: chrome, browserVersion: 92.0.4515.107, chrome: {chromedriverVersion: 91.0.4472.101 (af52a90bf870..., userDataDir: C:\Users\Lenovo\AppData\Loc...}, goog:chromeOptions: {debuggerAddress: localhost:54041}, javascriptEnabled: true, networkConnectionEnabled: false, pageLoadStrategy: normal, platform: WINDOWS, platformName: WINDOWS, proxy: Proxy(), setWindowRect: true, strictFileInteractability: false, timeouts: {implicit: 0, pageLoad: 300000, script: 30000}, unhandledPromptBehavior: dismiss and notify, webauthn:extension:largeBlob: true, webauthn:virtualAuthenticators: true}
Session ID: 5d9d075f2ff5beb4de63dbceb9654373
*** Element info: {Using=id, value=newsletter-error}
at org.openqa.selenium.remote.http.W3CHttpResponseCodec.createException(W3CHttpResponseCodec.java:187)
at org.openqa.selenium.remote.http.W3CHttpResponseCodec.decode(W3CHttpResponseCodec.java:122)
at org.openqa.selenium.remote.http.W3CHttpResponseCodec.decode(W3CHttpResponseCodec.java:49)
at org.openqa.selenium.remote.HttpCommandExecutor.execute(HttpCommandExecutor.java:158)
at org.openqa.selenium.remote.service.DriverCommandExecutor.execute(DriverCommandExecutor.java:83)
at org.openqa.selenium.remote.RemoteWebDriver.execute(RemoteWebDriver.java:552)
at org.openqa.selenium.remote.RemoteWebDriver.findElement(RemoteWebDriver.java:323)
at org.openqa.selenium.remote.RemoteWebDriver.findElementById(RemoteWebDriver.java:372)
at org.openqa.selenium.By$ById.findElement(By.java:188)
at org.openqa.selenium.remote.RemoteWebDriver.findElement(RemoteWebDriver.java:315)
at org.openqa.selenium.support.pagefactory.DefaultElementLocator.findElement(DefaultElementLocator.java:69)
at org.openqa.selenium.support.pagefactory.internal.LocatingElementHandler.invoke(LocatingElementHandler.java:38)
at com.sun.proxy.$Proxy8.isDisplayed(Unknown Source)
at pages.home.HomePage.validateEmailSubscriptionError(HomePage.java:346)
at tests.shopping.TestHomePage.testEmailSubscription(TestHomePage.java:117)
at java.util.ArrayList.forEach(Unknown Source)
... Removed 31 stack frames]]>
    </failure>
  </testcase> <!-- testEmailSubscription -->
  <testcase name="testHomePageInformationLinks" time="92.412" classname="tests.shopping.TestHomePage"/>
  <testcase name="testOffersForYouSectionLinks" time="37.679" classname="tests.shopping.TestHomePage"/>
  <testcase name="testRegisterNewUserByUniqueEmailId" time="39.544" classname="tests.shopping.TestHomePage"/>
  <testcase name="testSearchProductsFromHomePage" time="39.734" classname="tests.shopping.TestHomePage"/>
  <testcase name="testSelectProductCategory" time="108.547" classname="tests.shopping.TestHomePage"/>
  <testcase name="testSelectProductSubCategory" time="94.347" classname="tests.shopping.TestHomePage"/>
  <testcase name="testSignInAuthenticatedUser" time="50.709" classname="tests.shopping.TestHomePage"/>
  <testcase name="testUserSelectLanguageCountryAndCurrency" time="53.701" classname="tests.shopping.TestHomePage"/>
  <testcase name="testWhyChooseUsSection" time="45.155" classname="tests.shopping.TestHomePage"/>
  <testcase name="testAddConfigurableProductsToQuotes" time="38.764" classname="tests.shopping.TestProductDetails"/>
  <testcase name="testAddProductReviewByUser" time="52.524" classname="tests.shopping.TestProductDetails"/>
  <testcase name="testAddProductToCart" time="78.369" classname="tests.shopping.TestProductDetails"/>
  <testcase name="testAskForDiscount" time="27.792" classname="tests.shopping.TestProductDetails"/>
  <testcase name="testProductAddToQuote" time="61.208" classname="tests.shopping.TestProductDetails"/>
  <testcase name="testAddProductToCartFromProductListPage" time="45.966" classname="tests.shopping.TestProductListPage"/>
  <testcase name="testAddProductToQuoteFromProductListPage" time="35.868" classname="tests.shopping.TestProductListPage"/>
  <testcase name="testApplySortingOptionsFiltersAndPriceRange" time="43.14" classname="tests.shopping.TestProductListPage"/>
  <testcase name="testAddGroupProductsToCart" time="41.749" classname="tests.shopping.TestShoppingCart"/>
  <testcase name="testApplyForDiscountOnShoppingCartPage" time="46.981" classname="tests.shopping.TestShoppingCart"/>
  <testcase name="testMinicartQuotesModalFromHomePage" time="59.956" classname="tests.shopping.TestShoppingCart">
    <failure type="org.openqa.selenium.NoSuchElementException" message="no such element: Unable to locate element: {&amp;quot;method&amp;quot;:&amp;quot;css selector&amp;quot;,&amp;quot;selector&amp;quot;:&amp;quot;.page-title&amp;quot;}
  (Session info: headless chrome=92.0.4515.107)
For documentation on this error, please visit: https://www.seleniumhq.org/exceptions/no_such_element.html
Build info: version: &amp;apos;3.141.59&amp;apos;, revision: &amp;apos;e82be7d358&amp;apos;, time: &amp;apos;2018-11-14T08:17:03&amp;apos;
System info: host: &amp;apos;DESKTOP-0KBR3DP&amp;apos;, ip: &amp;apos;192.168.1.101&amp;apos;, os.name: &amp;apos;Windows 10&amp;apos;, os.arch: &amp;apos;amd64&amp;apos;, os.version: &amp;apos;10.0&amp;apos;, java.version: &amp;apos;1.8.0_251&amp;apos;
Driver info: org.openqa.selenium.chrome.ChromeDriver
Capabilities {acceptInsecureCerts: false, browserName: chrome, browserVersion: 92.0.4515.107, chrome: {chromedriverVersion: 91.0.4472.101 (af52a90bf870..., userDataDir: C:\Users\Lenovo\AppData\Loc...}, goog:chromeOptions: {debuggerAddress: localhost:52472}, javascriptEnabled: true, networkConnectionEnabled: false, pageLoadStrategy: normal, platform: WINDOWS, platformName: WINDOWS, proxy: Proxy(), setWindowRect: true, strictFileInteractability: false, timeouts: {implicit: 0, pageLoad: 300000, script: 30000}, unhandledPromptBehavior: dismiss and notify, webauthn:extension:largeBlob: true, webauthn:virtualAuthenticators: true}
Session ID: 28e71e24fc3a94b861e4c0d2b9f3a3ff
*** Element info: {Using=css selector, value=.page-title}">
      <![CDATA[org.openqa.selenium.NoSuchElementException: no such element: Unable to locate element: {"method":"css selector","selector":".page-title"}
  (Session info: headless chrome=92.0.4515.107)
For documentation on this error, please visit: https://www.seleniumhq.org/exceptions/no_such_element.html
Build info: version: '3.141.59', revision: 'e82be7d358', time: '2018-11-14T08:17:03'
System info: host: 'DESKTOP-0KBR3DP', ip: '192.168.1.101', os.name: 'Windows 10', os.arch: 'amd64', os.version: '10.0', java.version: '1.8.0_251'
Driver info: org.openqa.selenium.chrome.ChromeDriver
Capabilities {acceptInsecureCerts: false, browserName: chrome, browserVersion: 92.0.4515.107, chrome: {chromedriverVersion: 91.0.4472.101 (af52a90bf870..., userDataDir: C:\Users\Lenovo\AppData\Loc...}, goog:chromeOptions: {debuggerAddress: localhost:52472}, javascriptEnabled: true, networkConnectionEnabled: false, pageLoadStrategy: normal, platform: WINDOWS, platformName: WINDOWS, proxy: Proxy(), setWindowRect: true, strictFileInteractability: false, timeouts: {implicit: 0, pageLoad: 300000, script: 30000}, unhandledPromptBehavior: dismiss and notify, webauthn:extension:largeBlob: true, webauthn:virtualAuthenticators: true}
Session ID: 28e71e24fc3a94b861e4c0d2b9f3a3ff
*** Element info: {Using=css selector, value=.page-title}
at org.openqa.selenium.remote.http.W3CHttpResponseCodec.createException(W3CHttpResponseCodec.java:187)
at org.openqa.selenium.remote.http.W3CHttpResponseCodec.decode(W3CHttpResponseCodec.java:122)
at org.openqa.selenium.remote.http.W3CHttpResponseCodec.decode(W3CHttpResponseCodec.java:49)
at org.openqa.selenium.remote.HttpCommandExecutor.execute(HttpCommandExecutor.java:158)
at org.openqa.selenium.remote.service.DriverCommandExecutor.execute(DriverCommandExecutor.java:83)
at org.openqa.selenium.remote.RemoteWebDriver.execute(RemoteWebDriver.java:552)
at org.openqa.selenium.remote.RemoteWebDriver.findElement(RemoteWebDriver.java:323)
at org.openqa.selenium.remote.RemoteWebDriver.findElementByCssSelector(RemoteWebDriver.java:420)
at org.openqa.selenium.By$ByCssSelector.findElement(By.java:431)
at org.openqa.selenium.remote.RemoteWebDriver.findElement(RemoteWebDriver.java:315)
at org.openqa.selenium.support.pagefactory.DefaultElementLocator.findElement(DefaultElementLocator.java:69)
at org.openqa.selenium.support.pagefactory.internal.LocatingElementHandler.invoke(LocatingElementHandler.java:38)
at com.sun.proxy.$Proxy8.isDisplayed(Unknown Source)
at framework.CommonPage.isPageTitleDisplayed(CommonPage.java:40)
at tests.shopping.TestShoppingCart.testMinicartQuotesModalFromHomePage(TestShoppingCart.java:87)
at java.util.ArrayList.forEach(Unknown Source)
... Removed 31 stack frames]]>
    </failure>
  </testcase> <!-- testMinicartQuotesModalFromHomePage -->
  <testcase name="testSecureCheckOutForProducts" time="56.81" classname="tests.shopping.TestShoppingCart"/>
  <testcase name="testAutomationSetUpForCasa39English" time="14.535" classname="tests.shopping.TestUserProfile"/>
  <testcase name="testLoggedInUserMyAccountSection" time="534.427" classname="tests.shopping.TestUserProfile"/>
</testsuite> <!-- Tests -->
